  Player.cpp
C:\Users\User\Documents\GitHub\D3D_Skyrim\base\DirectX3D\Objects\Character\Player.cpp(6,33): warning C4305: '인수': 'double'에서 'const float'(으)로 잘립니다.
  PlayerScene.cpp
  DirectX3D.cpp
  ModelAnimatorInstancing.cpp
  ModelClip.cpp
  Device.cpp
  Audio.cpp
  GameObject.cpp
  Quad.cpp
C:\Users\User\Documents\GitHub\D3D_Skyrim\base\DirectX3D\Framework\Render\Mesh.h(46,1): warning C4267: '인수': 'size_t'에서 'UINT'(으)로 변환하면서 데이터가 손실될 수 있습니다.
C:\Users\User\Documents\GitHub\D3D_Skyrim\base\DirectX3D\Framework\Render\Mesh.h(40): message : 클래스 템플릿 멤버 함수 'void Mesh<Quad::VertexType>::Draw(D3D11_PRIMITIVE_TOPOLOGY)'을(를) 컴파일하는 중입니다.
C:\Users\User\Documents\GitHub\D3D_Skyrim\base\DirectX3D\Objects\Basic\Quad.cpp(34): message : 컴파일되는 함수 템플릿 인스턴스화 'void Mesh<Quad::VertexType>::Draw(D3D11_PRIMITIVE_TOPOLOGY)'에 대한 참조를 확인하세요.
C:\Users\User\Documents\GitHub\D3D_Skyrim\base\DirectX3D\Objects\Basic\Quad.cpp(6): message : 컴파일되는 클래스 템플릿 인스턴스화 'Mesh<Quad::VertexType>'에 대한 참조를 확인하세요.
C:\Users\User\Documents\GitHub\D3D_Skyrim\base\DirectX3D\Framework\Render\Mesh.h(50,1): warning C4267: '인수': 'size_t'에서 'UINT'(으)로 변환하면서 데이터가 손실될 수 있습니다.
C:\Users\User\Documents\GitHub\D3D_Skyrim\base\DirectX3D\Framework\Render\Mesh.h(76,1): warning C4267: '인수': 'size_t'에서 'UINT'(으)로 변환하면서 데이터가 손실될 수 있습니다.
C:\Users\User\Documents\GitHub\D3D_Skyrim\base\DirectX3D\Framework\Render\Mesh.h(72): message : 클래스 템플릿 멤버 함수 'void Mesh<Quad::VertexType>::CreateMesh(void)'을(를) 컴파일하는 중입니다.
C:\Users\User\Documents\GitHub\D3D_Skyrim\base\DirectX3D\Objects\Basic\Quad.cpp(8): message : 컴파일되는 함수 템플릿 인스턴스화 'void Mesh<Quad::VertexType>::CreateMesh(void)'에 대한 참조를 확인하세요.
C:\Users\User\Documents\GitHub\D3D_Skyrim\base\DirectX3D\Framework\Render\Mesh.h(81,1): warning C4267: '인수': 'size_t'에서 'UINT'(으)로 변환하면서 데이터가 손실될 수 있습니다.
C:\Program Files (x86)\Microsoft Visual Studio\2019\Community\VC\Tools\MSVC\14.29.30133\include\xmemory(714,68): warning C4244: '인수': '_Ty'에서 'float'(으)로 변환하면서 데이터가 손실될 수 있습니다.
          with
          [
              _Ty=int
          ]
C:\Program Files (x86)\Microsoft Visual Studio\2019\Community\VC\Tools\MSVC\14.29.30133\include\vector(721): message : 컴파일되는 함수 템플릿 인스턴스화 'void std::_Default_allocator_traits<_Alloc>::construct<_Ty,float&,float&,int,int,int>(_Alloc &,_Objty *const ,float &,float &,int &&,int &&,int &&)'에 대한 참조를 확인하세요.
          with
          [
              _Alloc=std::allocator<VertexUV>,
              _Ty=VertexUV,
              _Objty=VertexUV
          ]
C:\Program Files (x86)\Microsoft Visual Studio\2019\Community\VC\Tools\MSVC\14.29.30133\include\vector(726): message : 컴파일되는 함수 템플릿 인스턴스화 'void std::_Default_allocator_traits<_Alloc>::construct<_Ty,float&,float&,int,int,int>(_Alloc &,_Objty *const ,float &,float &,int &&,int &&,int &&)'에 대한 참조를 확인하세요.
          with
          [
              _Alloc=std::allocator<VertexUV>,
              _Ty=VertexUV,
              _Objty=VertexUV
          ]
C:\Program Files (x86)\Microsoft Visual Studio\2019\Community\VC\Tools\MSVC\14.29.30133\include\vector(739): message : 컴파일되는 함수 템플릿 인스턴스화 'void std::vector<VertexUV,std::allocator<VertexUV>>::_Emplace_back_with_unused_capacity<float&,float&,_Ty,_Ty,_Ty>(float &,float &,_Ty &&,_Ty &&,_Ty &&)'에 대한 참조를 확인하세요.
          with
          [
              _Ty=int
          ]
C:\Users\User\Documents\GitHub\D3D_Skyrim\base\DirectX3D\Objects\Basic\Quad.cpp(56): message : 컴파일되는 함수 템플릿 인스턴스화 'void std::vector<VertexUV,std::allocator<VertexUV>>::emplace_back<float&,float&,int,int,int>(float &,float &,int &&,int &&,int &&)'에 대한 참조를 확인하세요.
  Robot.cpp
  Water.cpp
C:\Users\User\Documents\GitHub\D3D_Skyrim\base\DirectX3D\Framework\Render\Mesh.h(46,1): warning C4267: '인수': 'size_t'에서 'UINT'(으)로 변환하면서 데이터가 손실될 수 있습니다.
C:\Users\User\Documents\GitHub\D3D_Skyrim\base\DirectX3D\Framework\Render\Mesh.h(40): message : 클래스 템플릿 멤버 함수 'void Mesh<Quad::VertexType>::Draw(D3D11_PRIMITIVE_TOPOLOGY)'을(를) 컴파일하는 중입니다.
C:\Users\User\Documents\GitHub\D3D_Skyrim\base\DirectX3D\Objects\Landscape\Water.cpp(48): message : 컴파일되는 함수 템플릿 인스턴스화 'void Mesh<Quad::VertexType>::Draw(D3D11_PRIMITIVE_TOPOLOGY)'에 대한 참조를 확인하세요.
C:\Users\User\Documents\GitHub\D3D_Skyrim\base\DirectX3D\Objects\Landscape\Water.cpp(16): message : 컴파일되는 클래스 템플릿 인스턴스화 'Mesh<Quad::VertexType>'에 대한 참조를 확인하세요.
C:\Users\User\Documents\GitHub\D3D_Skyrim\base\DirectX3D\Framework\Render\Mesh.h(50,1): warning C4267: '인수': 'size_t'에서 'UINT'(으)로 변환하면서 데이터가 손실될 수 있습니다.
C:\Users\User\Documents\GitHub\D3D_Skyrim\base\DirectX3D\Framework\Render\Mesh.h(76,1): warning C4267: '인수': 'size_t'에서 'UINT'(으)로 변환하면서 데이터가 손실될 수 있습니다.
C:\Users\User\Documents\GitHub\D3D_Skyrim\base\DirectX3D\Framework\Render\Mesh.h(72): message : 클래스 템플릿 멤버 함수 'void Mesh<Quad::VertexType>::CreateMesh(void)'을(를) 컴파일하는 중입니다.
C:\Users\User\Documents\GitHub\D3D_Skyrim\base\DirectX3D\Objects\Landscape\Water.cpp(18): message : 컴파일되는 함수 템플릿 인스턴스화 'void Mesh<Quad::VertexType>::CreateMesh(void)'에 대한 참조를 확인하세요.
C:\Users\User\Documents\GitHub\D3D_Skyrim\base\DirectX3D\Framework\Render\Mesh.h(81,1): warning C4267: '인수': 'size_t'에서 'UINT'(으)로 변환하면서 데이터가 손실될 수 있습니다.
C:\Program Files (x86)\Microsoft Visual Studio\2019\Community\VC\Tools\MSVC\14.29.30133\include\xmemory(714,68): warning C4244: '인수': '_Ty'에서 'float'(으)로 변환하면서 데이터가 손실될 수 있습니다.
          with
          [
              _Ty=int
          ]
C:\Program Files (x86)\Microsoft Visual Studio\2019\Community\VC\Tools\MSVC\14.29.30133\include\vector(721): message : 컴파일되는 함수 템플릿 인스턴스화 'void std::_Default_allocator_traits<_Alloc>::construct<_Ty,float&,int,float&,int,int>(_Alloc &,_Objty *const ,float &,int &&,float &,int &&,int &&)'에 대한 참조를 확인하세요.
          with
          [
              _Alloc=std::allocator<VertexUV>,
              _Ty=VertexUV,
              _Objty=VertexUV
          ]
C:\Program Files (x86)\Microsoft Visual Studio\2019\Community\VC\Tools\MSVC\14.29.30133\include\vector(726): message : 컴파일되는 함수 템플릿 인스턴스화 'void std::_Default_allocator_traits<_Alloc>::construct<_Ty,float&,int,float&,int,int>(_Alloc &,_Objty *const ,float &,int &&,float &,int &&,int &&)'에 대한 참조를 확인하세요.
          with
          [
              _Alloc=std::allocator<VertexUV>,
              _Ty=VertexUV,
              _Objty=VertexUV
          ]
C:\Program Files (x86)\Microsoft Visual Studio\2019\Community\VC\Tools\MSVC\14.29.30133\include\vector(739): message : 컴파일되는 함수 템플릿 인스턴스화 'void std::vector<VertexUV,std::allocator<VertexUV>>::_Emplace_back_with_unused_capacity<float&,_Ty,float&,_Ty,_Ty>(float &,_Ty &&,float &,_Ty &&,_Ty &&)'에 대한 참조를 확인하세요.
          with
          [
              _Ty=int
          ]
C:\Users\User\Documents\GitHub\D3D_Skyrim\base\DirectX3D\Objects\Landscape\Water.cpp(81): message : 컴파일되는 함수 템플릿 인스턴스화 'void std::vector<VertexUV,std::allocator<VertexUV>>::emplace_back<float&,int,float&,int,int>(float &,int &&,float &,int &&,int &&)'에 대한 참조를 확인하세요.
  코드를 생성하고 있습니다...
     C:\Users\User\Documents\GitHub\D3D_Skyrim\base\x64\Debug\DirectX3D.lib 라이브러리 및 C:\Users\User\Documents\GitHub\D3D_Skyrim\base\x64\Debug\DirectX3D.exp 개체를 생성하고 있습니다.
DirectXTex.lib(BC.obj) : warning LNK4099: 'DirectXTex.pdb' PDB를 'DirectXTex.lib(BC.obj)' 또는 'C:\Users\User\Documents\GitHub\D3D_Skyrim\base\x64\Debug\DirectXTex.pdb'에서 찾을 수 없습니다. 디버그 정보가 없는 것처럼 개체를 링크합니다.
DirectXTex.lib(BC4BC5.obj) : warning LNK4099: 'DirectXTex.pdb' PDB를 'DirectXTex.lib(BC4BC5.obj)' 또는 'C:\Users\User\Documents\GitHub\D3D_Skyrim\base\x64\Debug\DirectXTex.pdb'에서 찾을 수 없습니다. 디버그 정보가 없는 것처럼 개체를 링크합니다.
DirectXTex.lib(BC6HBC7.obj) : warning LNK4099: 'DirectXTex.pdb' PDB를 'DirectXTex.lib(BC6HBC7.obj)' 또는 'C:\Users\User\Documents\GitHub\D3D_Skyrim\base\x64\Debug\DirectXTex.pdb'에서 찾을 수 없습니다. 디버그 정보가 없는 것처럼 개체를 링크합니다.
DirectXTex.lib(DirectXTexCompress.obj) : warning LNK4099: '' PDB를 'DirectXTex.lib(DirectXTexCompress.obj)' 또는 ''에서 찾을 수 없습니다. 디버그 정보가 없는 것처럼 개체를 링크합니다.
DirectXTex.lib(DirectXTexConvert.obj) : warning LNK4099: 'DirectXTex.pdb' PDB를 'DirectXTex.lib(DirectXTexConvert.obj)' 또는 'C:\Users\User\Documents\GitHub\D3D_Skyrim\base\x64\Debug\DirectXTex.pdb'에서 찾을 수 없습니다. 디버그 정보가 없는 것처럼 개체를 링크합니다.
DirectXTex.lib(DirectXTexD3D11.obj) : warning LNK4099: 'DirectXTex.pdb' PDB를 'DirectXTex.lib(DirectXTexD3D11.obj)' 또는 'C:\Users\User\Documents\GitHub\D3D_Skyrim\base\x64\Debug\DirectXTex.pdb'에서 찾을 수 없습니다. 디버그 정보가 없는 것처럼 개체를 링크합니다.
DirectXTex.lib(DirectXTexDDS.obj) : warning LNK4099: '' PDB를 'DirectXTex.lib(DirectXTexDDS.obj)' 또는 ''에서 찾을 수 없습니다. 디버그 정보가 없는 것처럼 개체를 링크합니다.
DirectXTex.lib(DirectXTexImage.obj) : warning LNK4099: 'DirectXTex.pdb' PDB를 'DirectXTex.lib(DirectXTexImage.obj)' 또는 'C:\Users\User\Documents\GitHub\D3D_Skyrim\base\x64\Debug\DirectXTex.pdb'에서 찾을 수 없습니다. 디버그 정보가 없는 것처럼 개체를 링크합니다.
DirectXTex.lib(DirectXTexMipMaps.obj) : warning LNK4099: 'DirectXTex.pdb' PDB를 'DirectXTex.lib(DirectXTexMipMaps.obj)' 또는 'C:\Users\User\Documents\GitHub\D3D_Skyrim\base\x64\Debug\DirectXTex.pdb'에서 찾을 수 없습니다. 디버그 정보가 없는 것처럼 개체를 링크합니다.
DirectXTex.lib(DirectXTexTGA.obj) : warning LNK4099: 'DirectXTex.pdb' PDB를 'DirectXTex.lib(DirectXTexTGA.obj)' 또는 'C:\Users\User\Documents\GitHub\D3D_Skyrim\base\x64\Debug\DirectXTex.pdb'에서 찾을 수 없습니다. 디버그 정보가 없는 것처럼 개체를 링크합니다.
DirectXTex.lib(DirectXTexUtil.obj) : warning LNK4099: 'DirectXTex.pdb' PDB를 'DirectXTex.lib(DirectXTexUtil.obj)' 또는 'C:\Users\User\Documents\GitHub\D3D_Skyrim\base\x64\Debug\DirectXTex.pdb'에서 찾을 수 없습니다. 디버그 정보가 없는 것처럼 개체를 링크합니다.
DirectXTex.lib(DirectXTexWIC.obj) : warning LNK4099: 'DirectXTex.pdb' PDB를 'DirectXTex.lib(DirectXTexWIC.obj)' 또는 'C:\Users\User\Documents\GitHub\D3D_Skyrim\base\x64\Debug\DirectXTex.pdb'에서 찾을 수 없습니다. 디버그 정보가 없는 것처럼 개체를 링크합니다.
ImGui.lib(imgui.obj) : warning LNK4099: 'ImGui.pdb' PDB를 'ImGui.lib(imgui.obj)' 또는 'C:\Users\User\Documents\GitHub\D3D_Skyrim\base\x64\Debug\ImGui.pdb'에서 찾을 수 없습니다. 디버그 정보가 없는 것처럼 개체를 링크합니다.
ImGui.lib(ImGuiFileDialog.obj) : warning LNK4099: 'ImGui.pdb' PDB를 'ImGui.lib(ImGuiFileDialog.obj)' 또는 'C:\Users\User\Documents\GitHub\D3D_Skyrim\base\x64\Debug\ImGui.pdb'에서 찾을 수 없습니다. 디버그 정보가 없는 것처럼 개체를 링크합니다.
ImGui.lib(imgui_draw.obj) : warning LNK4099: 'ImGui.pdb' PDB를 'ImGui.lib(imgui_draw.obj)' 또는 'C:\Users\User\Documents\GitHub\D3D_Skyrim\base\x64\Debug\ImGui.pdb'에서 찾을 수 없습니다. 디버그 정보가 없는 것처럼 개체를 링크합니다.
ImGui.lib(imgui_impl_dx11.obj) : warning LNK4099: 'ImGui.pdb' PDB를 'ImGui.lib(imgui_impl_dx11.obj)' 또는 'C:\Users\User\Documents\GitHub\D3D_Skyrim\base\x64\Debug\ImGui.pdb'에서 찾을 수 없습니다. 디버그 정보가 없는 것처럼 개체를 링크합니다.
ImGui.lib(imgui_impl_win32.obj) : warning LNK4099: 'ImGui.pdb' PDB를 'ImGui.lib(imgui_impl_win32.obj)' 또는 'C:\Users\User\Documents\GitHub\D3D_Skyrim\base\x64\Debug\ImGui.pdb'에서 찾을 수 없습니다. 디버그 정보가 없는 것처럼 개체를 링크합니다.
ImGui.lib(imgui_tables.obj) : warning LNK4099: 'ImGui.pdb' PDB를 'ImGui.lib(imgui_tables.obj)' 또는 'C:\Users\User\Documents\GitHub\D3D_Skyrim\base\x64\Debug\ImGui.pdb'에서 찾을 수 없습니다. 디버그 정보가 없는 것처럼 개체를 링크합니다.
ImGui.lib(imgui_widgets.obj) : warning LNK4099: 'ImGui.pdb' PDB를 'ImGui.lib(imgui_widgets.obj)' 또는 'C:\Users\User\Documents\GitHub\D3D_Skyrim\base\x64\Debug\ImGui.pdb'에서 찾을 수 없습니다. 디버그 정보가 없는 것처럼 개체를 링크합니다.
  DirectX3D.vcxproj -> C:\Users\User\Documents\GitHub\D3D_Skyrim\base\x64\Debug\DirectX3D.exe
